<?xml version="1.0" encoding="UTF-8"?>
<testng-results ignored="0" total="3" passed="3" failed="0" skipped="0">
  <reporter-output>
  </reporter-output>
  <suite started-at="2022-01-01T16:24:03 WIB" name="Suite" finished-at="2022-01-01T16:26:42 WIB" duration-ms="159546">
    <groups>
    </groups>
    <test started-at="2022-01-01T16:24:03 WIB" name="Test" finished-at="2022-01-01T16:26:42 WIB" duration-ms="159546">
      <class name="scenarios.FarmDoctorNew">
        <test-method signature="scenarioSecondApp(java.lang.String)[pri:0, instance:scenarios.FarmDoctorNew@61fe30]" started-at="2022-01-01T16:25:17 WIB" name="scenarioSecondApp" data-provider="InputData" finished-at="2022-01-01T16:25:57 WIB" duration-ms="40067" status="PASS">
          <params>
            <param index="0">
              <value>
                <![CDATA[potato early blight]]>
              </value>
            </param>
          </params>
          <reporter-output>
          </reporter-output>
        </test-method> <!-- scenarioSecondApp -->
        <test-method signature="scenarioSecondApp(java.lang.String)[pri:0, instance:scenarios.FarmDoctorNew@61fe30]" started-at="2022-01-01T16:25:57 WIB" name="scenarioSecondApp" data-provider="InputData" finished-at="2022-01-01T16:26:42 WIB" duration-ms="45250" status="PASS">
          <params>
            <param index="0">
              <value>
                <![CDATA[apple scab]]>
              </value>
            </param>
          </params>
          <reporter-output>
          </reporter-output>
        </test-method> <!-- scenarioSecondApp -->
      </class> <!-- scenarios.FarmDoctorNew -->
      <class name="scenarios.FarmDoctorOld">
        <test-method is-config="true" signature="killAllNodes()[pri:0, instance:scenarios.FarmDoctorOld@5ddf0d24]" started-at="2022-01-01T16:24:03 WIB" name="killAllNodes" finished-at="2022-01-01T16:24:06 WIB" duration-ms="3063" status="PASS">
          <reporter-output>
          </reporter-output>
        </test-method> <!-- killAllNodes -->
        <test-method signature="scenarioSecondApp()[pri:0, instance:scenarios.FarmDoctorOld@5ddf0d24]" started-at="2022-01-01T16:24:06 WIB" name="scenarioSecondApp" finished-at="2022-01-01T16:25:17 WIB" duration-ms="71105" status="PASS">
          <reporter-output>
          </reporter-output>
        </test-method> <!-- scenarioSecondApp -->
      </class> <!-- scenarios.FarmDoctorOld -->
    </test> <!-- Test -->
  </suite> <!-- Suite -->
</testng-results>
